<?xml version="1.0" encoding="UTF-8"?>
<!-- Generated by org.testng.reporters.JUnitXMLReporter -->
<testsuite hostname="NCS-110418GM03" ignored="2" name="Sanity test" tests="5" failures="0" timestamp="25 Aug 2018 07:15:10 GMT" time="0.034" errors="0">
  <testcase name="Login" time="0.006" classname="testNGExamples.GroupingTCsExample"/>
  <testcase name="Search" time="0.0" classname="testNGExamples.GroupingTCsExample"/>
  <testcase name="FundTransfer" time="0.002" classname="testNGExamples.GroupingTCsExample"/>
  <testcase name="PrepaidRecharge" time="0.001" classname="testNGExamples.GroupingTCsExample"/>
  <testcase name="Logout" time="0.002" classname="testNGExamples.GroupingTCsExample"/>
  <testcase name="AdvancedSearch" time="0.0" classname="testNGExamples.GroupingTCsExample">
    <ignored/>
  </testcase> <!-- AdvancedSearch -->
  <testcase name="BillPayments" time="0.0" classname="testNGExamples.GroupingTCsExample">
    <ignored/>
  </testcase> <!-- BillPayments -->
</testsuite> <!-- Sanity test -->
