<?xml version="1.0" encoding="UTF-8"?>
<testng-results skipped="0" failed="1" ignored="0" total="1" passed="0">
  <reporter-output>
  </reporter-output>
  <suite name="Default suite" duration-ms="36" started-at="2018-09-24T10:13:54Z" finished-at="2018-09-24T10:13:54Z">
    <groups>
    </groups>
    <test name="Default test" duration-ms="36" started-at="2018-09-24T10:13:54Z" finished-at="2018-09-24T10:13:54Z">
      <class name="almLoginverification.ALMLoginVerification">
        <test-method status="FAIL" signature="connect_to_alm()[pri:0, instance:almLoginverification.ALMLoginVerification@528931cf]" name="connect_to_alm" duration-ms="19" started-at="2018-09-24T10:13:54Z" finished-at="2018-09-24T10:13:54Z">
          <exception class="java.lang.UnsatisfiedLinkError">
            <message>
              <![CDATA[C:\Users\sabithab\eclipse-workspace\Sample Project\jacob-1.19-x86.dll: Can't load IA 32-bit .dll on a AMD 64-bit platform]]>
            </message>
            <full-stacktrace>
              <![CDATA[java.lang.UnsatisfiedLinkError: C:\Users\sabithab\eclipse-workspace\Sample Project\jacob-1.19-x86.dll: Can't load IA 32-bit .dll on a AMD 64-bit platform
at java.lang.ClassLoader$NativeLibrary.load(Native Method)
at java.lang.ClassLoader.loadLibrary0(Unknown Source)
at java.lang.ClassLoader.loadLibrary(Unknown Source)
at java.lang.Runtime.load0(Unknown Source)
at java.lang.System.load(Unknown Source)
at com.jacob.com.LibraryLoader.loadJacobLibrary(LibraryLoader.java:151)
at com.jacob.com.JacobObject.<clinit>(JacobObject.java:110)
at com.jacob.com.LibraryLoader.loadJacobLibrary(LibraryLoader.java:149)
at almLoginverification.ALMLoginVerification.connect_to_alm(ALMLoginVerification.java:20)
at sun.reflect.NativeMethodAccessorImpl.invoke0(Native Method)
at sun.reflect.NativeMethodAccessorImpl.invoke(Unknown Source)
at sun.reflect.DelegatingMethodAccessorImpl.invoke(Unknown Source)
at java.lang.reflect.Method.invoke(Unknown Source)
at org.testng.internal.MethodInvocationHelper.invokeMethod(MethodInvocationHelper.java:124)
at org.testng.internal.Invoker.invokeMethod(Invoker.java:580)
at org.testng.internal.Invoker.invokeTestMethod(Invoker.java:716)
at org.testng.internal.Invoker.invokeTestMethods(Invoker.java:988)
at org.testng.internal.TestMethodWorker.invokeTestMethods(TestMethodWorker.java:125)
at org.testng.internal.TestMethodWorker.run(TestMethodWorker.java:109)
at org.testng.TestRunner.privateRun(TestRunner.java:648)
at org.testng.TestRunner.run(TestRunner.java:505)
at org.testng.SuiteRunner.runTest(SuiteRunner.java:455)
at org.testng.SuiteRunner.runSequentially(SuiteRunner.java:450)
at org.testng.SuiteRunner.privateRun(SuiteRunner.java:415)
at org.testng.SuiteRunner.run(SuiteRunner.java:364)
at org.testng.SuiteRunnerWorker.runSuite(SuiteRunnerWorker.java:52)
at org.testng.SuiteRunnerWorker.run(SuiteRunnerWorker.java:84)
at org.testng.TestNG.runSuitesSequentially(TestNG.java:1208)
at org.testng.TestNG.runSuitesLocally(TestNG.java:1137)
at org.testng.TestNG.runSuites(TestNG.java:1049)
at org.testng.TestNG.run(TestNG.java:1017)
at org.testng.remote.AbstractRemoteTestNG.run(AbstractRemoteTestNG.java:114)
at org.testng.remote.RemoteTestNG.initAndRun(RemoteTestNG.java:251)
at org.testng.remote.RemoteTestNG.main(RemoteTestNG.java:77)
]]>
            </full-stacktrace>
          </exception> <!-- java.lang.UnsatisfiedLinkError -->
          <reporter-output>
          </reporter-output>
        </test-method> <!-- connect_to_alm -->
      </class> <!-- almLoginverification.ALMLoginVerification -->
    </test> <!-- Default test -->
  </suite> <!-- Default suite -->
</testng-results>
